#
# There is insufficient memory for the Java Runtime Environment to continue.
# Native memory allocation (malloc) failed to allocate 32744 bytes for ChunkPool::allocate
# Possible reasons:
#   The system is out of physical RAM or swap space
#   The process is running with CompressedOops enabled, and the Java Heap may be blocking the growth of the native heap
# Possible solutions:
#   Reduce memory load on the system
#   Increase physical memory or swap space
#   Check if swap backing store is full
#   Decrease Java heap size (-Xmx/-Xms)
#   Decrease number of Java threads
#   Decrease Java thread stack sizes (-Xss)
#   Set larger code cache with -XX:ReservedCodeCacheSize=
#   JVM is running with Unscaled Compressed Oops mode in which the Java heap is
#     placed in the first 4GB address space. The Java Heap base address is the
#     maximum limit for the native heap growth. Please use -XX:HeapBaseMinAddress
#     to set the Java Heap base and to place the Java Heap above 4GB virtual address.
# This output file may be truncated or incomplete.
#
#  Out of Memory Error (allocation.cpp:272), pid=428, tid=0x000000000000220c
#
# JRE version: Java(TM) SE Runtime Environment (8.0_301-b09) (build 1.8.0_301-b09)
# Java VM: Java HotSpot(TM) 64-Bit Server VM (25.301-b09 mixed mode windows-amd64 compressed oops)
# Failed to write core dump. Minidumps are not enabled by default on client versions of Windows
#

---------------  T H R E A D  ---------------

Current thread (0x0000021d824c6000):  JavaThread "C2 CompilerThread0" daemon [_thread_in_native, id=8716, stack(0x000000cae6700000,0x000000cae6800000)]

Stack: [0x000000cae6700000,0x000000cae6800000]
Native frames: (J=compiled Java code, j=interpreted, Vv=VM code, C=native code)
V  [jvm.dll+0x32ed79]
V  [jvm.dll+0x275722]
V  [jvm.dll+0x2763cd]
V  [jvm.dll+0x26ce05]
V  [jvm.dll+0xd59bd]
V  [jvm.dll+0xd5d1c]
V  [jvm.dll+0xd586d]
V  [jvm.dll+0x4c656f]
V  [jvm.dll+0x4c68e2]
V  [jvm.dll+0x4e623c]
V  [jvm.dll+0x4e6a07]
V  [jvm.dll+0x4e4932]
V  [jvm.dll+0x437b95]
V  [jvm.dll+0x440c55]
V  [jvm.dll+0x440015]
V  [jvm.dll+0x42ae57]
V  [jvm.dll+0xac1bb]
V  [jvm.dll+0xaa81b]
V  [jvm.dll+0x23ddc2]
V  [jvm.dll+0x2923dc]
C  [ucrtbase.dll+0x21bb2]
C  [KERNEL32.DLL+0x17614]
C  [ntdll.dll+0x526a1]


Current CompileTask:
C2:  18150 3317   !   4       java.net.URLClassLoader$1::run (63 bytes)


---------------  P R O C E S S  ---------------

Java Threads: ( => current thread )
  0x0000021d852e4000 JavaThread "Okio Watchdog" daemon [_thread_blocked, id=14332, stack(0x000000cae7900000,0x000000cae7a00000)]
  0x0000021d852dc800 JavaThread "OkHttp ConnectionPool" daemon [_thread_blocked, id=8940, stack(0x000000cae7800000,0x000000cae7900000)]
  0x0000021d852e1000 JavaThread "ForkJoinPool.commonPool-worker-3" daemon [_thread_blocked, id=14620, stack(0x000000cae7700000,0x000000cae7800000)]
  0x0000021d852e3800 JavaThread "ForkJoinPool.commonPool-worker-2" daemon [_thread_blocked, id=14608, stack(0x000000cae7600000,0x000000cae7700000)]
  0x0000021d852e0800 JavaThread "ForkJoinPool.commonPool-worker-1" daemon [_thread_blocked, id=12324, stack(0x000000cae7500000,0x000000cae7600000)]
  0x0000021d824da000 JavaThread "Keep-Alive-Timer" daemon [_thread_blocked, id=16192, stack(0x000000cae7400000,0x000000cae7500000)]
  0x0000021d824d8800 JavaThread "Exec Stream Pumper" daemon [_thread_in_native, id=6116, stack(0x000000cae7300000,0x000000cae7400000)]
  0x0000021d824d7800 JavaThread "Exec Stream Pumper" daemon [_thread_in_native, id=9040, stack(0x000000cae7200000,0x000000cae7300000)]
  0x0000021d824d7000 JavaThread "UrlChecker-2" daemon [_thread_blocked, id=11964, stack(0x000000cae7100000,0x000000cae7200000)]
  0x0000021d824d9000 JavaThread "Exec Default Executor" daemon [_thread_in_native, id=8852, stack(0x000000cae7000000,0x000000cae7100000)]
  0x0000021d824dc000 JavaThread "/127.0.0.1:53865 to /127.0.0.1:53861 workers Thread 3" [_thread_in_native, id=13260, stack(0x000000cae6f00000,0x000000cae7000000)]
  0x0000021d824dd000 JavaThread "/127.0.0.1:53865 to /127.0.0.1:53861 workers Thread 2" [_thread_blocked, id=6092, stack(0x000000cae6e00000,0x000000cae6f00000)]
  0x0000021d824db800 JavaThread "/127.0.0.1:53865 to /127.0.0.1:53861 workers" [_thread_blocked, id=14976, stack(0x000000cae6d00000,0x000000cae6e00000)]
  0x0000021d82536800 JavaThread "Service Thread" daemon [_thread_blocked, id=14044, stack(0x000000cae6a00000,0x000000cae6b00000)]
  0x0000021d824da800 JavaThread "C1 CompilerThread2" daemon [_thread_blocked, id=8828, stack(0x000000cae6900000,0x000000cae6a00000)]
  0x0000021d824bf800 JavaThread "C2 CompilerThread1" daemon [_thread_in_native, id=12828, stack(0x000000cae6800000,0x000000cae6900000)]
=>0x0000021d824c6000 JavaThread "C2 CompilerThread0" daemon [_thread_in_native, id=8716, stack(0x000000cae6700000,0x000000cae6800000)]
  0x0000021d824b0800 JavaThread "JDWP Command Reader" daemon [_thread_in_native, id=12732, stack(0x000000cae6600000,0x000000cae6700000)]
  0x0000021d811f1000 JavaThread "JDWP Event Helper Thread" daemon [_thread_blocked, id=16468, stack(0x000000cae6500000,0x000000cae6600000)]
  0x0000021d811fe000 JavaThread "JDWP Transport Listener: dt_socket" daemon [_thread_blocked, id=14872, stack(0x000000cae6400000,0x000000cae6500000)]
  0x0000021d81170000 JavaThread "Attach Listener" daemon [_thread_blocked, id=13292, stack(0x000000cae6300000,0x000000cae6400000)]
  0x0000021d8116f000 JavaThread "Signal Dispatcher" daemon [_thread_blocked, id=1128, stack(0x000000cae6200000,0x000000cae6300000)]
  0x0000021d810db000 JavaThread "Finalizer" daemon [_thread_blocked, id=4204, stack(0x000000cae6100000,0x000000cae6200000)]
  0x0000021d810d4000 JavaThread "Reference Handler" daemon [_thread_blocked, id=16256, stack(0x000000cae6000000,0x000000cae6100000)]
  0x0000021dee77a800 JavaThread "Forwarding newSession on session null to remote" [_thread_in_native, id=10264, stack(0x000000cae5a00000,0x000000cae5b00000)]

Other Threads:
  0x0000021d810a9800 VMThread [stack: 0x000000cae5f00000,0x000000cae6000000] [id=11456]
  0x0000021d825ca000 WatcherThread [stack: 0x000000cae6b00000,0x000000cae6c00000] [id=2064]

VM state:not at safepoint (normal execution)

VM Mutex/Monitor currently owned by a thread: None

heap address: 0x00000000e0000000, size: 512 MB, Compressed Oops mode: 32-bit
Narrow klass base: 0x0000000000000000, Narrow klass shift: 3
Compressed class space size: 1073741824 Address: 0x0000000100000000

Heap:
 PSYoungGen      total 89088K, used 52700K [0x00000000f5580000, 0x00000000fc080000, 0x0000000100000000)
  eden space 68608K, 54% used [0x00000000f5580000,0x00000000f79d53b0,0x00000000f9880000)
  from space 20480K, 75% used [0x00000000fac80000,0x00000000fbba1d10,0x00000000fc080000)
  to   space 20480K, 0% used [0x00000000f9880000,0x00000000f9880000,0x00000000fac80000)
 ParOldGen       total 93184K, used 29555K [0x00000000e0000000, 0x00000000e5b00000, 0x00000000f5580000)
  object space 93184K, 31% used [0x00000000e0000000,0x00000000e1cdcce0,0x00000000e5b00000)
 Metaspace       used 32166K, capacity 33932K, committed 34096K, reserved 1079296K
  class space    used 3988K, capacity 4370K, committed 4400K, reserved 1048576K

Card table byte_map: [0x0000021dff390000,0x0000021dff4a0000] byte_map_base: 0x0000021dfec90000

Marking Bits: (ParMarkBitMap*) 0x0000000059327fe0
 Begin Bits: [0x0000021d80000000, 0x0000021d80800000)
 End Bits:   [0x0000021d80800000, 0x0000021d81000000)

Polling page: 0x0000021dee700000

CodeCache: size=245760Kb used=14130Kb max_used=14130Kb free=231629Kb
 bounds [0x0000021deffd0000, 0x0000021df0db0000, 0x0000021dfefd0000]
 total_blobs=3573 nmethods=3087 adapters=406
 compilation: enabled

Compilation events (10 events):
Event: 17.489 Thread 0x0000021d824da800 3319       3       java.util.LinkedList::checkPositionIndex (22 bytes)
Event: 17.490 Thread 0x0000021d824da800 nmethod 3319 0x0000021df0da2850 code [0x0000021df0da2a80, 0x0000021df0da3680]
Event: 17.490 Thread 0x0000021d824da800 3320       3       java.util.LinkedList::isPositionIndex (18 bytes)
Event: 17.490 Thread 0x0000021d824da800 nmethod 3320 0x0000021df0438f90 code [0x0000021df04390e0, 0x0000021df04392d8]
Event: 17.517 Thread 0x0000021d824da800 3321       3       java.util.LinkedList::listIterator (15 bytes)
Event: 17.518 Thread 0x0000021d824da800 nmethod 3321 0x0000021df0da1f50 code [0x0000021df0da2100, 0x0000021df0da25b0]
Event: 17.529 Thread 0x0000021d824da800 3322       3       java.util.LinkedList::remove (77 bytes)
Event: 17.530 Thread 0x0000021d824da800 nmethod 3322 0x0000021df0da49d0 code [0x0000021df0da4b80, 0x0000021df0da5170]
Event: 17.542 Thread 0x0000021d824da800 3323   !   3       java.lang.ClassLoader::definePackage (77 bytes)
Event: 17.543 Thread 0x0000021d824da800 nmethod 3323 0x0000021df0da5350 code [0x0000021df0da5500, 0x0000021df0da5c00]

GC Heap History (10 events):
Event: 8.026 GC heap before
{Heap before GC invocations=5 (full 0):
 PSYoungGen      total 71680K, used 70971K [0x00000000f5580000, 0x00000000fa080000, 0x0000000100000000)
  eden space 66560K, 98% used [0x00000000f5580000,0x00000000f95d68d8,0x00000000f9680000)
  from space 5120K, 99% used [0x00000000f9b80000,0x00000000fa0783e8,0x00000000fa080000)
  to   space 5120K, 0% used [0x00000000f9680000,0x00000000f9680000,0x00000000f9b80000)
 ParOldGen       total 87552K, used 23505K [0x00000000e0000000, 0x00000000e5580000, 0x00000000f5580000)
  object space 87552K, 26% used [0x00000000e0000000,0x00000000e16f4768,0x00000000e5580000)
 Metaspace       used 20508K, capacity 21282K, committed 21296K, reserved 1069056K
  class space    used 2385K, capacity 2597K, committed 2608K, reserved 1048576K
Event: 8.055 GC heap after
Heap after GC invocations=5 (full 0):
 PSYoungGen      total 71680K, used 5088K [0x00000000f5580000, 0x00000000fa080000, 0x0000000100000000)
  eden space 66560K, 0% used [0x00000000f5580000,0x00000000f5580000,0x00000000f9680000)
  from space 5120K, 99% used [0x00000000f9680000,0x00000000f9b783e8,0x00000000f9b80000)
  to   space 5120K, 0% used [0x00000000f9b80000,0x00000000f9b80000,0x00000000fa080000)
 ParOldGen       total 87552K, used 40173K [0x00000000e0000000, 0x00000000e5580000, 0x00000000f5580000)
  object space 87552K, 45% used [0x00000000e0000000,0x00000000e273b7b8,0x00000000e5580000)
 Metaspace       used 20508K, capacity 21282K, committed 21296K, reserved 1069056K
  class space    used 2385K, capacity 2597K, committed 2608K, reserved 1048576K
}
Event: 8.055 GC heap before
{Heap before GC invocations=6 (full 1):
 PSYoungGen      total 71680K, used 5088K [0x00000000f5580000, 0x00000000fa080000, 0x0000000100000000)
  eden space 66560K, 0% used [0x00000000f5580000,0x00000000f5580000,0x00000000f9680000)
  from space 5120K, 99% used [0x00000000f9680000,0x00000000f9b783e8,0x00000000f9b80000)
  to   space 5120K, 0% used [0x00000000f9b80000,0x00000000f9b80000,0x00000000fa080000)
 ParOldGen       total 87552K, used 40173K [0x00000000e0000000, 0x00000000e5580000, 0x00000000f5580000)
  object space 87552K, 45% used [0x00000000e0000000,0x00000000e273b7b8,0x00000000e5580000)
 Metaspace       used 20508K, capacity 21282K, committed 21296K, reserved 1069056K
  class space    used 2385K, capacity 2597K, committed 2608K, reserved 1048576K
Event: 8.193 GC heap after
Heap after GC invocations=6 (full 1):
 PSYoungGen      total 71680K, used 0K [0x00000000f5580000, 0x00000000fa080000, 0x0000000100000000)
  eden space 66560K, 0% used [0x00000000f5580000,0x00000000f5580000,0x00000000f9680000)
  from space 5120K, 0% used [0x00000000f9680000,0x00000000f9680000,0x00000000f9b80000)
  to   space 5120K, 0% used [0x00000000f9b80000,0x00000000f9b80000,0x00000000fa080000)
 ParOldGen       total 93184K, used 24059K [0x00000000e0000000, 0x00000000e5b00000, 0x00000000f5580000)
  object space 93184K, 25% used [0x00000000e0000000,0x00000000e177edf0,0x00000000e5b00000)
 Metaspace       used 20508K, capacity 21282K, committed 21296K, reserved 1069056K
  class space    used 2385K, capacity 2597K, committed 2608K, reserved 1048576K
}
Event: 11.428 GC heap before
{Heap before GC invocations=7 (full 1):
 PSYoungGen      total 71680K, used 66560K [0x00000000f5580000, 0x00000000fa080000, 0x0000000100000000)
  eden space 66560K, 100% used [0x00000000f5580000,0x00000000f9680000,0x00000000f9680000)
  from space 5120K, 0% used [0x00000000f9680000,0x00000000f9680000,0x00000000f9b80000)
  to   space 5120K, 0% used [0x00000000f9b80000,0x00000000f9b80000,0x00000000fa080000)
 ParOldGen       total 93184K, used 24059K [0x00000000e0000000, 0x00000000e5b00000, 0x00000000f5580000)
  object space 93184K, 25% used [0x00000000e0000000,0x00000000e177edf0,0x00000000e5b00000)
 Metaspace       used 24807K, capacity 26164K, committed 26416K, reserved 1073152K
  class space    used 2937K, capacity 3264K, committed 3376K, reserved 1048576K
Event: 11.445 GC heap after
Heap after GC invocations=7 (full 1):
 PSYoungGen      total 55296K, used 5104K [0x00000000f5580000, 0x00000000fda80000, 0x0000000100000000)
  eden space 50176K, 0% used [0x00000000f5580000,0x00000000f5580000,0x00000000f8680000)
  from space 5120K, 99% used [0x00000000f9b80000,0x00000000fa07c010,0x00000000fa080000)
  to   space 21504K, 0% used [0x00000000f8680000,0x00000000f8680000,0x00000000f9b80000)
 ParOldGen       total 93184K, used 29539K [0x00000000e0000000, 0x00000000e5b00000, 0x00000000f5580000)
  object space 93184K, 31% used [0x00000000e0000000,0x00000000e1cd8ce0,0x00000000e5b00000)
 Metaspace       used 24807K, capacity 26164K, committed 26416K, reserved 1073152K
  class space    used 2937K, capacity 3264K, committed 3376K, reserved 1048576K
}
Event: 14.961 GC heap before
{Heap before GC invocations=8 (full 1):
 PSYoungGen      total 55296K, used 55280K [0x00000000f5580000, 0x00000000fda80000, 0x0000000100000000)
  eden space 50176K, 100% used [0x00000000f5580000,0x00000000f8680000,0x00000000f8680000)
  from space 5120K, 99% used [0x00000000f9b80000,0x00000000fa07c010,0x00000000fa080000)
  to   space 21504K, 0% used [0x00000000f8680000,0x00000000f8680000,0x00000000f9b80000)
 ParOldGen       total 93184K, used 29539K [0x00000000e0000000, 0x00000000e5b00000, 0x00000000f5580000)
  object space 93184K, 31% used [0x00000000e0000000,0x00000000e1cd8ce0,0x00000000e5b00000)
 Metaspace       used 28584K, capacity 29918K, committed 30128K, reserved 1075200K
  class space    used 3445K, capacity 3741K, committed 3760K, reserved 1048576K
Event: 14.982 GC heap after
Heap after GC invocations=8 (full 1):
 PSYoungGen      total 71680K, used 11764K [0x00000000f5580000, 0x00000000fc080000, 0x0000000100000000)
  eden space 50176K, 0% used [0x00000000f5580000,0x00000000f5580000,0x00000000f8680000)
  from space 21504K, 54% used [0x00000000f8680000,0x00000000f91fd1d8,0x00000000f9b80000)
  to   space 20480K, 0% used [0x00000000fac80000,0x00000000fac80000,0x00000000fc080000)
 ParOldGen       total 93184K, used 29547K [0x00000000e0000000, 0x00000000e5b00000, 0x00000000f5580000)
  object space 93184K, 31% used [0x00000000e0000000,0x00000000e1cdace0,0x00000000e5b00000)
 Metaspace       used 28584K, capacity 29918K, committed 30128K, reserved 1075200K
  class space    used 3445K, capacity 3741K, committed 3760K, reserved 1048576K
}
Event: 16.799 GC heap before
{Heap before GC invocations=9 (full 1):
 PSYoungGen      total 71680K, used 61940K [0x00000000f5580000, 0x00000000fc080000, 0x0000000100000000)
  eden space 50176K, 100% used [0x00000000f5580000,0x00000000f8680000,0x00000000f8680000)
  from space 21504K, 54% used [0x00000000f8680000,0x00000000f91fd1d8,0x00000000f9b80000)
  to   space 20480K, 0% used [0x00000000fac80000,0x00000000fac80000,0x00000000fc080000)
 ParOldGen       total 93184K, used 29547K [0x00000000e0000000, 0x00000000e5b00000, 0x00000000f5580000)
  object space 93184K, 31% used [0x00000000e0000000,0x00000000e1cdace0,0x00000000e5b00000)
 Metaspace       used 30596K, capacity 32214K, committed 32304K, reserved 1077248K
  class space    used 3752K, capacity 4081K, committed 4144K, reserved 1048576K
Event: 16.818 GC heap after
Heap after GC invocations=9 (full 1):
 PSYoungGen      total 89088K, used 15495K [0x00000000f5580000, 0x00000000fc080000, 0x0000000100000000)
  eden space 68608K, 0% used [0x00000000f5580000,0x00000000f5580000,0x00000000f9880000)
  from space 20480K, 75% used [0x00000000fac80000,0x00000000fbba1d10,0x00000000fc080000)
  to   space 20480K, 0% used [0x00000000f9880000,0x00000000f9880000,0x00000000fac80000)
 ParOldGen       total 93184K, used 29555K [0x00000000e0000000, 0x00000000e5b00000, 0x00000000f5580000)
  object space 93184K, 31% used [0x00000000e0000000,0x00000000e1cdcce0,0x00000000e5b00000)
 Metaspace       used 30596K, capacity 32214K, committed 32304K, reserved 1077248K
  class space    used 3752K, capacity 4081K, committed 4144K, reserved 1048576K
}

Deoptimization events (10 events):
Event: 16.984 Thread 0x0000021dee77a800 Uncommon trap: reason=class_check action=maybe_recompile pc=0x0000021df0bea75c method=java.util.regex.Matcher.search(I)Z @ 86
Event: 16.984 Thread 0x0000021dee77a800 Uncommon trap: reason=class_check action=maybe_recompile pc=0x0000021df0bea75c method=java.util.regex.Matcher.search(I)Z @ 86
Event: 16.984 Thread 0x0000021dee77a800 Uncommon trap: reason=class_check action=maybe_recompile pc=0x0000021df0bea75c method=java.util.regex.Matcher.search(I)Z @ 86
Event: 16.984 Thread 0x0000021dee77a800 Uncommon trap: reason=bimorphic action=maybe_recompile pc=0x0000021df0d5d474 method=java.util.regex.Pattern$Slice.match(Ljava/util/regex/Matcher;ILjava/lang/CharSequence;)Z @ 75
Event: 16.984 Thread 0x0000021dee77a800 Uncommon trap: reason=class_check action=maybe_recompile pc=0x0000021df0bea75c method=java.util.regex.Matcher.search(I)Z @ 86
Event: 17.016 Thread 0x0000021dee77a800 Uncommon trap: reason=bimorphic action=maybe_recompile pc=0x0000021df0d5d474 method=java.util.regex.Pattern$Slice.match(Ljava/util/regex/Matcher;ILjava/lang/CharSequence;)Z @ 75
Event: 17.017 Thread 0x0000021dee77a800 Uncommon trap: reason=bimorphic action=maybe_recompile pc=0x0000021df0d5d474 method=java.util.regex.Pattern$Slice.match(Ljava/util/regex/Matcher;ILjava/lang/CharSequence;)Z @ 75
Event: 17.017 Thread 0x0000021dee77a800 Uncommon trap: reason=bimorphic action=maybe_recompile pc=0x0000021df0d5d474 method=java.util.regex.Pattern$Slice.match(Ljava/util/regex/Matcher;ILjava/lang/CharSequence;)Z @ 75
Event: 17.432 Thread 0x0000021dee77a800 Uncommon trap: reason=class_check action=maybe_recompile pc=0x0000021df0ce6ca8 method=java.util.HashSet.contains(Ljava/lang/Object;)Z @ 5
Event: 17.432 Thread 0x0000021dee77a800 Uncommon trap: reason=class_check action=maybe_recompile pc=0x0000021df0ce6ca8 method=java.util.HashSet.contains(Ljava/lang/Object;)Z @ 5

Classes redefined (0 events):
No events

Internal exceptions (10 events):
Event: 8.486 Thread 0x0000021dee77a800 Exception <a 'java/lang/IncompatibleClassChangeError': Found class java.lang.Object, but interface was expected> (0x00000000f5d89348) thrown at [C:\jenkins\workspace\8-2-build-windows-amd64-cygwin\jdk8u301\1513\hotspot\src\share\vm\interpreter\linkResolve
Event: 8.487 Thread 0x0000021dee77a800 Exception <a 'java/lang/IncompatibleClassChangeError': Found class java.lang.Object, but interface was expected> (0x00000000f5d91568) thrown at [C:\jenkins\workspace\8-2-build-windows-amd64-cygwin\jdk8u301\1513\hotspot\src\share\vm\interpreter\linkResolve
Event: 8.488 Thread 0x0000021dee77a800 Exception <a 'java/lang/IncompatibleClassChangeError': Found class java.lang.Object, but interface was expected> (0x00000000f5d94fc0) thrown at [C:\jenkins\workspace\8-2-build-windows-amd64-cygwin\jdk8u301\1513\hotspot\src\share\vm\interpreter\linkResolve
Event: 13.082 Thread 0x0000021dee77a800 Implicit null exception at 0x0000021df0bd251d to 0x0000021df0bd2661
Event: 13.214 Thread 0x0000021dee77a800 Implicit null exception at 0x0000021df0c624e8 to 0x0000021df0c62a5d
Event: 13.214 Thread 0x0000021dee77a800 Implicit null exception at 0x0000021df0c3a94a to 0x0000021df0c3b379
Event: 15.705 Thread 0x0000021d824d9000 Implicit null exception at 0x0000021df0688610 to 0x0000021df0688741
Event: 16.353 Thread 0x0000021d824d7000 Exception <a 'java/net/SocketTimeoutException': connect timed out> (0x00000000f76d4bf0) thrown at [C:\jenkins\workspace\8-2-build-windows-amd64-cygwin\jdk8u301\1513\hotspot\src\share\vm\prims\jni.cpp, line 737]
Event: 16.547 Thread 0x0000021dee77a800 Exception <a 'java/lang/IncompatibleClassChangeError': Found class java.lang.Object, but interface was expected> (0x00000000f7b52200) thrown at [C:\jenkins\workspace\8-2-build-windows-amd64-cygwin\jdk8u301\1513\hotspot\src\share\vm\interpreter\linkResolve
Event: 16.745 Thread 0x0000021dee77a800 Exception <a 'java/lang/NoSuchMethodError': java.lang.Object.lambda$chars$0()Ljava/util/Spliterator$OfInt;> (0x00000000f8406230) thrown at [C:\jenkins\workspace\8-2-build-windows-amd64-cygwin\jdk8u301\1513\hotspot\src\share\vm\interpreter\linkResolver.cpp

Events (10 events):
Event: 17.575 Thread 0x0000021dee77a800 DEOPT UNPACKING pc=0x0000021df0017498 sp=0x000000cae5af8370 mode 1
Event: 17.578 loading class okio/AsyncTimeout$Watchdog
Event: 17.578 loading class okio/AsyncTimeout$Watchdog done
Event: 17.578 Thread 0x0000021dee77a800 DEOPT PACKING pc=0x0000021df04b9d44 sp=0x000000cae5af8fb0
Event: 17.578 Thread 0x0000021dee77a800 DEOPT UNPACKING pc=0x0000021df0017498 sp=0x000000cae5af8d00 mode 1
Event: 17.578 Thread 0x0000021dee77a800 DEOPT PACKING pc=0x0000021df04b9c78 sp=0x000000cae5af9070
Event: 17.578 Thread 0x0000021dee77a800 DEOPT UNPACKING pc=0x0000021df0017498 sp=0x000000cae5af8dc0 mode 1
Event: 17.580 Thread 0x0000021d852e4000 Thread added: 0x0000021d852e4000
Event: 17.621 Executing VM operation: RevokeBias
Event: 17.623 Executing VM operation: RevokeBias done


Dynamic libraries:
0x00007ff7f3190000 - 0x00007ff7f31d7000 	C:\Program Files\Java\jdk1.8.0_301\bin\java.exe
0x00007ffc44090000 - 0x00007ffc44288000 	C:\Windows\SYSTEM32\ntdll.dll
0x00007ffc42140000 - 0x00007ffc421ff000 	C:\Windows\System32\KERNEL32.DLL
0x00007ffc41dc0000 - 0x00007ffc42092000 	C:\Windows\System32\KERNELBASE.dll
0x00007ffc42e60000 - 0x00007ffc42f0e000 	C:\Windows\System32\ADVAPI32.dll
0x00007ffc43dd0000 - 0x00007ffc43e6e000 	C:\Windows\System32\msvcrt.dll
0x00007ffc43e70000 - 0x00007ffc43f0c000 	C:\Windows\System32\sechost.dll
0x00007ffc43050000 - 0x00007ffc43175000 	C:\Windows\System32\RPCRT4.dll
0x00007ffc42210000 - 0x00007ffc423b1000 	C:\Windows\System32\USER32.dll
0x00007ffc420a0000 - 0x00007ffc420c2000 	C:\Windows\System32\win32u.dll
0x00007ffc42e30000 - 0x00007ffc42e5b000 	C:\Windows\System32\GDI32.dll
0x00007ffc41c60000 - 0x00007ffc41d6f000 	C:\Windows\System32\gdi32full.dll
0x00007ffc41780000 - 0x00007ffc4181d000 	C:\Windows\System32\msvcp_win.dll
0x00007ffc41940000 - 0x00007ffc41a40000 	C:\Windows\System32\ucrtbase.dll
0x00007ffc2bb70000 - 0x00007ffc2be0a000 	C:\Windows\WinSxS\amd64_microsoft.windows.common-controls_6595b64144ccf1df_6.0.19041.1110_none_60b5254171f9507e\COMCTL32.dll
0x00007ffc43180000 - 0x00007ffc431b2000 	C:\Windows\System32\IMM32.DLL
0x00007ffc3c770000 - 0x00007ffc3c785000 	C:\Program Files\Java\jdk1.8.0_301\jre\bin\vcruntime140.dll
0x00007ffc27830000 - 0x00007ffc278cb000 	C:\Program Files\Java\jdk1.8.0_301\jre\bin\msvcp140.dll
0x0000000058b40000 - 0x00000000593a0000 	C:\Program Files\Java\jdk1.8.0_301\jre\bin\server\jvm.dll
0x00007ffc42420000 - 0x00007ffc42428000 	C:\Windows\System32\PSAPI.DLL
0x00007ffc3c8b0000 - 0x00007ffc3c8ba000 	C:\Windows\SYSTEM32\VERSION.dll
0x00007ffc33660000 - 0x00007ffc33687000 	C:\Windows\SYSTEM32\WINMM.dll
0x00007ffc3a900000 - 0x00007ffc3a909000 	C:\Windows\SYSTEM32\WSOCK32.dll
0x00007ffc420d0000 - 0x00007ffc4213b000 	C:\Windows\System32\WS2_32.dll
0x00007ffc3f660000 - 0x00007ffc3f672000 	C:\Windows\SYSTEM32\kernel.appcore.dll
0x00007ffc3a910000 - 0x00007ffc3a920000 	C:\Program Files\Java\jdk1.8.0_301\jre\bin\verify.dll
0x00007ffc345d0000 - 0x00007ffc345fb000 	C:\Program Files\Java\jdk1.8.0_301\jre\bin\java.dll
0x00007ffc2c890000 - 0x00007ffc2c8c0000 	C:\Program Files\Java\jdk1.8.0_301\jre\bin\instrument.dll
0x00007ffc2b3c0000 - 0x00007ffc2b3f6000 	C:\Program Files\Java\jdk1.8.0_301\jre\bin\jdwp.dll
0x00007ffc332a0000 - 0x00007ffc332a9000 	C:\Program Files\Java\jdk1.8.0_301\jre\bin\npt.dll
0x00007ffc39fd0000 - 0x00007ffc39fe8000 	C:\Program Files\Java\jdk1.8.0_301\jre\bin\zip.dll
0x00007ffc42510000 - 0x00007ffc42c55000 	C:\Windows\System32\SHELL32.dll
0x00007ffc3f860000 - 0x00007ffc3fff2000 	C:\Windows\SYSTEM32\windows.storage.dll
0x00007ffc43410000 - 0x00007ffc43765000 	C:\Windows\System32\combase.dll
0x00007ffc41170000 - 0x00007ffc411a0000 	C:\Windows\SYSTEM32\Wldp.dll
0x00007ffc43800000 - 0x00007ffc438ad000 	C:\Windows\System32\SHCORE.dll
0x00007ffc42430000 - 0x00007ffc42485000 	C:\Windows\System32\shlwapi.dll
0x00007ffc416c0000 - 0x00007ffc416df000 	C:\Windows\SYSTEM32\profapi.dll
0x00007ffc2cd50000 - 0x00007ffc2cd5a000 	C:\Program Files\Java\jdk1.8.0_301\jre\bin\dt_socket.dll
0x00007ffc40e60000 - 0x00007ffc40eca000 	C:\Windows\system32\mswsock.dll
0x00007ffc33a50000 - 0x00007ffc33a6c000 	C:\Program Files\Java\jdk1.8.0_301\jre\bin\net.dll
0x00007ffc2cc30000 - 0x00007ffc2cc43000 	C:\Program Files\Java\jdk1.8.0_301\jre\bin\nio.dll
0x00007ffc410c0000 - 0x00007ffc410d8000 	C:\Windows\SYSTEM32\CRYPTSP.dll
0x00007ffc40780000 - 0x00007ffc407b4000 	C:\Windows\system32\rsaenh.dll
0x00007ffc41a40000 - 0x00007ffc41a67000 	C:\Windows\System32\bcrypt.dll
0x00007ffc41680000 - 0x00007ffc416ae000 	C:\Windows\SYSTEM32\USERENV.dll
0x00007ffc41bd0000 - 0x00007ffc41c52000 	C:\Windows\System32\bcryptprimitives.dll
0x00007ffc410e0000 - 0x00007ffc410ec000 	C:\Windows\SYSTEM32\CRYPTBASE.dll
0x00007ffc40b50000 - 0x00007ffc40b8b000 	C:\Windows\SYSTEM32\IPHLPAPI.DLL
0x00007ffc42200000 - 0x00007ffc42208000 	C:\Windows\System32\NSI.dll
0x00007ffc3cb00000 - 0x00007ffc3cb17000 	C:\Windows\SYSTEM32\dhcpcsvc6.DLL
0x00007ffc3cae0000 - 0x00007ffc3cafd000 	C:\Windows\SYSTEM32\dhcpcsvc.DLL
0x00007ffc40b90000 - 0x00007ffc40c5b000 	C:\Windows\SYSTEM32\DNSAPI.dll
0x00007ffc2cb80000 - 0x00007ffc2cb97000 	C:\Windows\system32\napinsp.dll
0x00007ffc2c850000 - 0x00007ffc2c86b000 	C:\Windows\system32\pnrpnsp.dll
0x00007ffc3cb80000 - 0x00007ffc3cb95000 	C:\Windows\system32\wshbth.dll
0x00007ffc3cbb0000 - 0x00007ffc3cbcd000 	C:\Windows\system32\NLAapi.dll
0x00007ffc2c6d0000 - 0x00007ffc2c6e2000 	C:\Windows\System32\winrnr.dll
0x00007ffc37d60000 - 0x00007ffc37d6a000 	C:\Windows\System32\rasadhlp.dll
0x00007ffc38d20000 - 0x00007ffc38da0000 	C:\Windows\System32\fwpuclnt.dll
0x00007ffc3a5e0000 - 0x00007ffc3a5ed000 	C:\Program Files\Java\jdk1.8.0_301\jre\bin\management.dll
0x00007ffc29410000 - 0x00007ffc29434000 	C:\Program Files\Java\jdk1.8.0_301\jre\bin\sunec.dll
0x00007ffc2c760000 - 0x00007ffc2c76d000 	C:\Program Files\Java\jdk1.8.0_301\jre\bin\sunmscapi.dll
0x00007ffc41a70000 - 0x00007ffc41bc6000 	C:\Windows\System32\CRYPT32.dll
0x00007ffc411e0000 - 0x00007ffc41207000 	C:\Windows\SYSTEM32\ncrypt.dll
0x00007ffc411a0000 - 0x00007ffc411db000 	C:\Windows\SYSTEM32\NTASN1.dll
0x00007ffc37ab0000 - 0x00007ffc37c94000 	C:\Windows\SYSTEM32\dbghelp.dll

VM Arguments:
jvm_args: -Dallure.results.directory=C:\Users\Rustam\IdeaProjects\qaguru_4\build\allure-results -Dawt.toolkit=sun.awt.windows.WToolkit -DdisableJbScreenMenuBar=true -Dfile.encoding.pkg=sun.io -Dfile.separator=\ -Dide.native.launcher=true -Didea.active=true -Didea.cycle.buffer.size=1024 -Didea.debugger.dispatch.addr=127.0.0.1 -Didea.debugger.dispatch.port=53840 -Didea.dynamic.classpath=false -Didea.fatal.error.notification=disabled -Didea.max.content.load.filesize=20000 -Didea.max.intellisense.filesize=2500 -Didea.no.launcher=false -Didea.paths.selector=IdeaIC2022.3 -Didea.platform.prefix=Idea -Didea.popup.weight=heavy -Didea.vendor.name=JetBrains -Didea.version=2022.3.1 -Didea.xdebug.key=-Xdebug -Dio.netty.allocator.cacheTrimIntervalMillis=600000 -Dio.netty.allocator.numDirectArenas=1 -Dio.netty.allocator.numHeapArenas=1 -Dio.netty.allocator.useCacheForAllThreads=false -Dio.netty.machineId=28:f0:76:ff:fe:16:65:0e -Dio.netty.processId=62701 -Dio.netty.serviceThreadPrefix=Netty  -Djava.awt.graphicsenv=sun.awt.Win32GraphicsEnvironment -Djava.awt.printerjob=sun.awt.windows.WPrinterJob -Djava.class.version=52.0 -Djava.endorsed.dirs=C:\Program Files\Java\jdk1.8.0_301\jre\lib\endorsed -Djava.ext.dirs=C:\Program Files\Java\jdk1.8.0_301\jre\lib\ext;C:\Windows\Sun\Java\lib\ext -Djava.home=C:\Program Files\Java\jdk1.8.0_301\jre -Djava.library.path=C:\Program Files\Java\jdk1.8.0_301\bin;C:\Windows\Sun\Java\bin;C:\Windows\system32;C:\Windows;C:\Python311\Scripts\;C:\Python311\;C:\Program Files\Common Files\Oracle\Java\javapath;C:\Program Files (x86)\Common Files\Oracle\Java\javapath;C:\Windows\system32;C:\Windows;C:\Windows\System32\Wbem;C:\Windows\System32\WindowsPowerShell\v1.0\;C:\Windows\System32\OpenSSH\;C:\Program Files\Git\cmd;C:\Program Files\nodejs\;C:\ProgramData\chocolatey\bin;C:\Users\Rustam\AppData\Local\Microsoft\WindowsApps;C:\Users\Rustam\AppData\Roaming\npm;C:\Users\Rustam\AppData\Local\GitHubDesktop\bin;. -Djava.rmi.server.disableHttp=true -Djava.rmi.server.hostname=127.0.0.1 -Djava.runtime.name=OpenJDK Runtime Environment -Djava.runtime.version=1.8.0_301-b09 -Djava.security.manager=worker.org.gradle.process.internal.worker.child.BootstrapSecurityManager -Djava.specification.name=Java Platform API Specification -Djava.specification.vendor=Oracle Corporation -Djava.specification.version=1.8 -Djava.util.concurrent.ForkJoinPool.common.threadFactory=com.intellij.concurrency.IdeaForkJoinWorkerThreadFactory -Djava.vendor=Oracle Corporation -Djava.vendor.url=http://java.oracle.com/ -Djava.vendor.url.bug=https://bugreport.java.com/bugreport/ -Djava.vendor.version=JBR-17.0.5+1-653.23-jcef -Djava.version=1.8.0_301 -Djava.version.date=2022-10-18 -Djava.vm.compressedOopsMode=32-bit -Djava.vm.info=mixed mode -Djava.vm.name=Java HotSpot(TM) 64-Bit Server VM -Djava.vm.specification.name=Java Virtual Machine Specification -Djava.vm.specification.vendor=Oracle Corporation -Djava.vm.specification.version=1.8 -Djava.vm.vendor=Oracle Corporation -Djava.vm.version=25.301-b09 -Djavax.swing.JTree.excludeAccessibleChildrenFromClosedNodes=true -Djavax.swing.rebaseCssSizeMap=true -Djb.vmOptionsFile=C:\Users\Rustam\AppData\Roaming\\JetBrains\\IdeaIC2022.3\idea64.exe.vmoptions -Djbr.catch.SIGABRT=true -Djbr.virtualization.information=No virtualization detected -Djdk.attach.allowAttachSelf=true -Djdk.debug=release -Djdk.http.auth.tunneling.disabledSchemes= -Djdk.module.illegalAccess.silent=true -Djna.boot.library.path=D:\IntelliJ IDEA Community Edition 2022.3.1/lib/jna/amd64 -Djna.loaded=true -Djna.noclasspath=true -Djna.nosys=true -Djnidispatch.path=D:\IntelliJ IDEA Community Edition 2022.3.1\lib\jna\amd64\jnidispatch.dll -Dkotlinx.coroutines.debug=off -Dlibrary.jansi.path=C:\Users\Rustam\.gradle\native\jansi\1.18\windows64 -Dline.separator=
 -Dnative.encoding=Cp1251 -Dorg.gradle.internal.worker.tmpdir=C:\Users\Rustam\IdeaProjects\qaguru_4\build\tmp\test\work -Dorg.gradle.native=false -Dos.arch=amd64 -Dos.name=Windows 10 -Dos.version=10.0 -Dpath.separator=; -Dpty4j.preferred.native.folder=D:\IntelliJ IDEA Community Edition 2022.3.1/lib/pty4j -Dsplash=true -Dsun.arch.data.model=64 -Dsun.boot.class.path=C:\Program Files\Java\jdk1.8.0_301\jre\lib\resources.jar;C:\Program Files\Java\jdk1.8.0_301\jre\lib\rt.jar;C:\Program Files\Java\jdk1.8.0_301\jre\lib\sunrsasign.jar;C:\Program Files\Java\jdk1.8.0_301\jre\lib\jsse.jar;C:\Program Files\Java\jdk1.8.0_301\jre\lib\jce.jar;C:\Program Files\Java\jdk1.8.0_301\jre\lib\charsets.jar;C:\Program Files\Java\jdk1.8.0_301\jre\lib\jfr.jar;C:\Program Files\Java\jdk1.8.0_301\jre\classes -Dsun.boot.library.path=C:\Program Files\Java\jdk1.8.0_301\jre\bin -Dsun.cpu.endian=little -Dsun.cpu.isalist=amd64 -Dsun.desktop=windows -Dsun.io.unicode.encoding=UnicodeLittle -Dsun.jnu.encoding=Cp1251 -Dsun.management.compiler=HotSpot 64-Bit Tiered Compilers -Dsun.os.patch.level -Dswing.bufferPerWindow=false -Duser.dir=C:\Users\Rustam\IdeaProjects\qaguru_4 -Duser.home=C:\Users\Rustam -Duser.name=Rustam -Duser.script -Duser.timezone=Asia/Yekaterinburg -Dwinp.folder.preferred=C:\Users\Rustam\AppData\Local\JetBrains\IdeaIC2022.3/tmp -javaagent:C:\Users\Rustam\.gradle\caches\modules-2\files-2.1\org.aspectj\aspectjweaver\1.8.10\e198c5fee28988c355f74e06461614eae36b2032\aspectjweaver-1.8.10.jar -agentlib:jdwp=transport=dt_socket,server=n,suspend=y,address=127.0.0.1:53859 -Xmx512m -Dfile.encoding=Cp1251 -Djava.io.tmpdir=C:\Users\Rustam\AppData\Local\Temp\ -Duser.country=RU -Duser.language=ru -Duser.variant -ea 
java_command: worker.org.gradle.process.internal.worker.GradleWorkerMain 'Gradle Test Executor 1'
java_class_path (initial): C:\Users\Rustam\.gradle\caches\7.5.1\workerMain\gradle-worker.jar;C:\Users\Rustam\.gradle\caches\modules-2\files-2.1\org.aspectj\aspectjweaver\1.8.10\e198c5fee28988c355f74e06461614eae36b2032\aspectjweaver-1.8.10.jar
Launcher Type: SUN_STANDARD

Environment Variables:
JAVA_HOME=C:\Program Files\Java\jdk1.8.0_301
PATH=C:\Python311\Scripts\;C:\Python311\;C:\Program Files\Common Files\Oracle\Java\javapath;C:\Program Files (x86)\Common Files\Oracle\Java\javapath;C:\Windows\system32;C:\Windows;C:\Windows\System32\Wbem;C:\Windows\System32\WindowsPowerShell\v1.0\;C:\Windows\System32\OpenSSH\;C:\Program Files\Git\cmd;C:\Program Files\nodejs\;C:\ProgramData\chocolatey\bin;C:\Users\Rustam\AppData\Local\Microsoft\WindowsApps;C:\Users\Rustam\AppData\Roaming\npm;C:\Users\Rustam\AppData\Local\GitHubDesktop\bin
USERNAME=Rustam
OS=Windows_NT
PROCESSOR_IDENTIFIER=Intel64 Family 6 Model 37 Stepping 5, GenuineIntel



---------------  S Y S T E M  ---------------

OS: Windows 10.0 , 64 bit Build 19041 (10.0.19041.2546)

CPU:total 4 (initial active 4) (2 cores per cpu, 2 threads per core) family 6 model 37 stepping 5, cmov, cx8, fxsr, mmx, sse, sse2, sse3, ssse3, sse4.1, sse4.2, popcnt, ht, tsc, tscinvbit

Memory: 4k page, physical 8379444k(380560k free), swap 25026920k(12k free)

vm_info: Java HotSpot(TM) 64-Bit Server VM (25.301-b09) for windows-amd64 JRE (1.8.0_301-b09), built on Jun  9 2021 06:46:21 by "java_re" with MS VC++ 15.9 (VS2017)

time: Sat Mar  4 20:11:42 2023
timezone: RTZ 4 (зима)
elapsed time: 18.159175 seconds (0d 0h 0m 18s)

