#
# There is insufficient memory for the Java Runtime Environment to continue.
# Native memory allocation (malloc) failed to allocate 3362416 bytes for Chunk::new
# Possible reasons:
#   The system is out of physical RAM or swap space
#   The process is running with CompressedOops enabled, and the Java Heap may be blocking the growth of the native heap
# Possible solutions:
#   Reduce memory load on the system
#   Increase physical memory or swap space
#   Check if swap backing store is full
#   Decrease Java heap size (-Xmx/-Xms)
#   Decrease number of Java threads
#   Decrease Java thread stack sizes (-Xss)
#   Set larger code cache with -XX:ReservedCodeCacheSize=
#   JVM is running with Unscaled Compressed Oops mode in which the Java heap is
#     placed in the first 4GB address space. The Java Heap base address is the
#     maximum limit for the native heap growth. Please use -XX:HeapBaseMinAddress
#     to set the Java Heap base and to place the Java Heap above 4GB virtual address.
# This output file may be truncated or incomplete.
#
#  Out of Memory Error (allocation.cpp:389), pid=15148, tid=0x0000000000001de4
#
# JRE version: Java(TM) SE Runtime Environment (8.0_301-b09) (build 1.8.0_301-b09)
# Java VM: Java HotSpot(TM) 64-Bit Server VM (25.301-b09 mixed mode windows-amd64 compressed oops)
# Failed to write core dump. Minidumps are not enabled by default on client versions of Windows
#

---------------  T H R E A D  ---------------

Current thread (0x0000019578a19000):  JavaThread "C2 CompilerThread1" daemon [_thread_in_native, id=7652, stack(0x00000044ad700000,0x00000044ad800000)]

Stack: [0x00000044ad700000,0x00000044ad800000]
Native frames: (J=compiled Java code, j=interpreted, Vv=VM code, C=native code)
V  [jvm.dll+0x32ed79]
V  [jvm.dll+0x275722]
V  [jvm.dll+0x2763cd]
V  [jvm.dll+0x26ce05]
V  [jvm.dll+0xd551c]
V  [jvm.dll+0xd5d1c]
V  [jvm.dll+0x470143]
V  [jvm.dll+0x437c50]
V  [jvm.dll+0x440c55]
V  [jvm.dll+0x440015]
V  [jvm.dll+0x42ae57]
V  [jvm.dll+0xac1bb]
V  [jvm.dll+0xaa81b]
V  [jvm.dll+0x23ddc2]
V  [jvm.dll+0x2923dc]
C  [ucrtbase.dll+0x21bb2]
C  [KERNEL32.DLL+0x17614]
C  [ntdll.dll+0x526a1]


Current CompileTask:
C2:   9794 2091       4       org.aspectj.apache.bcel.generic.MethodGen::<init> (925 bytes)


---------------  P R O C E S S  ---------------

Java Threads: ( => current thread )
  0x0000019579746800 JavaThread "/127.0.0.1:53965 to /127.0.0.1:53962 workers Thread 3" [_thread_in_native, id=12228, stack(0x00000044ade00000,0x00000044adf00000)]
  0x0000019579745800 JavaThread "/127.0.0.1:53965 to /127.0.0.1:53962 workers Thread 2" [_thread_blocked, id=13896, stack(0x00000044add00000,0x00000044ade00000)]
  0x000001957953b000 JavaThread "/127.0.0.1:53965 to /127.0.0.1:53962 workers" [_thread_blocked, id=14276, stack(0x00000044adc00000,0x00000044add00000)]
  0x0000019578a83800 JavaThread "Service Thread" daemon [_thread_blocked, id=15788, stack(0x00000044ad900000,0x00000044ada00000)]
  0x0000019578a24000 JavaThread "C1 CompilerThread2" daemon [_thread_blocked, id=2484, stack(0x00000044ad800000,0x00000044ad900000)]
=>0x0000019578a19000 JavaThread "C2 CompilerThread1" daemon [_thread_in_native, id=7652, stack(0x00000044ad700000,0x00000044ad800000)]
  0x0000019578a16800 JavaThread "C2 CompilerThread0" daemon [_thread_blocked, id=16440, stack(0x00000044ad600000,0x00000044ad700000)]
  0x0000019578a0b000 JavaThread "JDWP Command Reader" daemon [_thread_in_native, id=2532, stack(0x00000044ad500000,0x00000044ad600000)]
  0x000001957774c800 JavaThread "JDWP Event Helper Thread" daemon [_thread_blocked, id=13616, stack(0x00000044ad400000,0x00000044ad500000)]
  0x0000019577750800 JavaThread "JDWP Transport Listener: dt_socket" daemon [_thread_blocked, id=496, stack(0x00000044ad300000,0x00000044ad400000)]
  0x00000195776d0000 JavaThread "Attach Listener" daemon [_thread_blocked, id=14684, stack(0x00000044ad200000,0x00000044ad300000)]
  0x00000195776cf000 JavaThread "Signal Dispatcher" daemon [_thread_blocked, id=3256, stack(0x00000044ad100000,0x00000044ad200000)]
  0x0000019577638000 JavaThread "Finalizer" daemon [_thread_blocked, id=5056, stack(0x00000044acf00000,0x00000044ad000000)]
  0x0000019577630800 JavaThread "Reference Handler" daemon [_thread_blocked, id=12080, stack(0x00000044ace00000,0x00000044acf00000)]
  0x0000019573d09800 JavaThread "Test worker" [_thread_in_vm, id=4864, stack(0x00000044ac800000,0x00000044ac900000)]

Other Threads:
  0x0000019577607000 VMThread [stack: 0x00000044acd00000,0x00000044ace00000] [id=2196]
  0x0000019578b14800 WatcherThread [stack: 0x00000044ada00000,0x00000044adb00000] [id=12916]

VM state:not at safepoint (normal execution)

VM Mutex/Monitor currently owned by a thread: None

heap address: 0x00000000e0000000, size: 512 MB, Compressed Oops mode: 32-bit
Narrow klass base: 0x0000000000000000, Narrow klass shift: 3
Compressed class space size: 1073741824 Address: 0x0000000100000000

Heap:
 PSYoungGen      total 71680K, used 1303K [0x00000000f5580000, 0x00000000fff80000, 0x0000000100000000)
  eden space 66560K, 1% used [0x00000000f5580000,0x00000000f56c5d50,0x00000000f9680000)
  from space 5120K, 0% used [0x00000000f9680000,0x00000000f9680000,0x00000000f9b80000)
  to   space 20480K, 0% used [0x00000000feb80000,0x00000000feb80000,0x00000000fff80000)
 ParOldGen       total 87552K, used 24661K [0x00000000e0000000, 0x00000000e5580000, 0x00000000f5580000)
  object space 87552K, 28% used [0x00000000e0000000,0x00000000e1815790,0x00000000e5580000)
 Metaspace       used 20568K, capacity 21394K, committed 21680K, reserved 1069056K
  class space    used 2405K, capacity 2621K, committed 2736K, reserved 1048576K

Card table byte_map: [0x0000019575a40000,0x0000019575b50000] byte_map_base: 0x0000019575340000

Marking Bits: (ParMarkBitMap*) 0x0000000059327fe0
 Begin Bits: [0x0000019575b50000, 0x0000019576350000)
 End Bits:   [0x0000019576350000, 0x0000019576b50000)

Polling page: 0x0000019573df0000

CodeCache: size=245760Kb used=10356Kb max_used=10356Kb free=235403Kb
 bounds [0x0000019500000000, 0x0000019500a30000, 0x000001950f000000]
 total_blobs=2540 nmethods=2167 adapters=294
 compilation: enabled

Compilation events (10 events):
Event: 9.761 Thread 0x0000019578a16800 nmethod 2153 0x0000019500a15290 code [0x0000019500a154e0, 0x0000019500a16a60]
Event: 9.761 Thread 0x0000019578a16800 2154       4       org.aspectj.apache.bcel.generic.InstructionList::getInstructionHandles (40 bytes)
Event: 9.765 Thread 0x0000019578a16800 nmethod 2154 0x0000019500a13390 code [0x0000019500a134e0, 0x0000019500a137b8]
Event: 9.766 Thread 0x0000019578a16800 2157   !   4       java.lang.ref.Reference::tryHandlePending (115 bytes)
Event: 9.767 Thread 0x0000019578a24000 2159       3       java.lang.invoke.DirectMethodHandle::preparedLambdaForm (230 bytes)
Event: 9.768 Thread 0x0000019578a24000 nmethod 2159 0x0000019500a138d0 code [0x0000019500a13b40, 0x0000019500a14ba0]
Event: 9.768 Thread 0x0000019578a24000 2160       3       java.lang.invoke.DirectMethodHandle::<init> (132 bytes)
Event: 9.770 Thread 0x0000019578a24000 nmethod 2160 0x0000019500a0f210 code [0x0000019500a0f4c0, 0x0000019500a10d00]
Event: 9.770 Thread 0x0000019578a24000 2161       3       java.lang.reflect.AccessibleObject::setAccessible (21 bytes)
Event: 9.771 Thread 0x0000019578a24000 nmethod 2161 0x0000019500a12dd0 code [0x0000019500a12f60, 0x0000019500a13280]

GC Heap History (10 events):
Event: 4.217 GC heap before
{Heap before GC invocations=2 (full 0):
 PSYoungGen      total 38400K, used 38393K [0x00000000f5580000, 0x00000000f8000000, 0x0000000100000000)
  eden space 33280K, 100% used [0x00000000f5580000,0x00000000f7600000,0x00000000f7600000)
  from space 5120K, 99% used [0x00000000f7600000,0x00000000f7afe738,0x00000000f7b00000)
  to   space 5120K, 0% used [0x00000000f7b00000,0x00000000f7b00000,0x00000000f8000000)
 ParOldGen       total 87552K, used 2300K [0x00000000e0000000, 0x00000000e5580000, 0x00000000f5580000)
  object space 87552K, 2% used [0x00000000e0000000,0x00000000e023f398,0x00000000e5580000)
 Metaspace       used 14820K, capacity 15146K, committed 15360K, reserved 1062912K
  class space    used 1676K, capacity 1773K, committed 1792K, reserved 1048576K
Event: 4.270 GC heap after
Heap after GC invocations=2 (full 0):
 PSYoungGen      total 38400K, used 5107K [0x00000000f5580000, 0x00000000fa080000, 0x0000000100000000)
  eden space 33280K, 0% used [0x00000000f5580000,0x00000000f5580000,0x00000000f7600000)
  from space 5120K, 99% used [0x00000000f7b00000,0x00000000f7ffcc10,0x00000000f8000000)
  to   space 5120K, 0% used [0x00000000f7600000,0x00000000f7600000,0x00000000f7b00000)
 ParOldGen       total 87552K, used 9469K [0x00000000e0000000, 0x00000000e5580000, 0x00000000f5580000)
  object space 87552K, 10% used [0x00000000e0000000,0x00000000e093f5d0,0x00000000e5580000)
 Metaspace       used 14820K, capacity 15146K, committed 15360K, reserved 1062912K
  class space    used 1676K, capacity 1773K, committed 1792K, reserved 1048576K
}
Event: 5.401 GC heap before
{Heap before GC invocations=3 (full 0):
 PSYoungGen      total 38400K, used 38387K [0x00000000f5580000, 0x00000000fa080000, 0x0000000100000000)
  eden space 33280K, 100% used [0x00000000f5580000,0x00000000f7600000,0x00000000f7600000)
  from space 5120K, 99% used [0x00000000f7b00000,0x00000000f7ffcc10,0x00000000f8000000)
  to   space 5120K, 0% used [0x00000000f7600000,0x00000000f7600000,0x00000000f7b00000)
 ParOldGen       total 87552K, used 9469K [0x00000000e0000000, 0x00000000e5580000, 0x00000000f5580000)
  object space 87552K, 10% used [0x00000000e0000000,0x00000000e093f5d0,0x00000000e5580000)
 Metaspace       used 16205K, capacity 16490K, committed 16768K, reserved 1064960K
  class space    used 1785K, capacity 1901K, committed 1920K, reserved 1048576K
Event: 5.437 GC heap after
Heap after GC invocations=3 (full 0):
 PSYoungGen      total 38400K, used 5090K [0x00000000f5580000, 0x00000000fa080000, 0x0000000100000000)
  eden space 33280K, 0% used [0x00000000f5580000,0x00000000f5580000,0x00000000f7600000)
  from space 5120K, 99% used [0x00000000f7600000,0x00000000f7af8b60,0x00000000f7b00000)
  to   space 5120K, 0% used [0x00000000f9b80000,0x00000000f9b80000,0x00000000fa080000)
 ParOldGen       total 87552K, used 14171K [0x00000000e0000000, 0x00000000e5580000, 0x00000000f5580000)
  object space 87552K, 16% used [0x00000000e0000000,0x00000000e0dd6f98,0x00000000e5580000)
 Metaspace       used 16205K, capacity 16490K, committed 16768K, reserved 1064960K
  class space    used 1785K, capacity 1901K, committed 1920K, reserved 1048576K
}
Event: 6.321 GC heap before
{Heap before GC invocations=4 (full 0):
 PSYoungGen      total 38400K, used 38370K [0x00000000f5580000, 0x00000000fa080000, 0x0000000100000000)
  eden space 33280K, 100% used [0x00000000f5580000,0x00000000f7600000,0x00000000f7600000)
  from space 5120K, 99% used [0x00000000f7600000,0x00000000f7af8b60,0x00000000f7b00000)
  to   space 5120K, 0% used [0x00000000f9b80000,0x00000000f9b80000,0x00000000fa080000)
 ParOldGen       total 87552K, used 14171K [0x00000000e0000000, 0x00000000e5580000, 0x00000000f5580000)
  object space 87552K, 16% used [0x00000000e0000000,0x00000000e0dd6f98,0x00000000e5580000)
 Metaspace       used 17306K, capacity 17642K, committed 17920K, reserved 1064960K
  class space    used 1905K, capacity 2029K, committed 2048K, reserved 1048576K
Event: 6.334 GC heap after
Heap after GC invocations=4 (full 0):
 PSYoungGen      total 71680K, used 5104K [0x00000000f5580000, 0x00000000fa080000, 0x0000000100000000)
  eden space 66560K, 0% used [0x00000000f5580000,0x00000000f5580000,0x00000000f9680000)
  from space 5120K, 99% used [0x00000000f9b80000,0x00000000fa07c040,0x00000000fa080000)
  to   space 5120K, 0% used [0x00000000f9680000,0x00000000f9680000,0x00000000f9b80000)
 ParOldGen       total 87552K, used 17831K [0x00000000e0000000, 0x00000000e5580000, 0x00000000f5580000)
  object space 87552K, 20% used [0x00000000e0000000,0x00000000e1169cc0,0x00000000e5580000)
 Metaspace       used 17306K, capacity 17642K, committed 17920K, reserved 1064960K
  class space    used 1905K, capacity 2029K, committed 2048K, reserved 1048576K
}
Event: 9.536 GC heap before
{Heap before GC invocations=5 (full 0):
 PSYoungGen      total 71680K, used 71260K [0x00000000f5580000, 0x00000000fa080000, 0x0000000100000000)
  eden space 66560K, 99% used [0x00000000f5580000,0x00000000f961b1f0,0x00000000f9680000)
  from space 5120K, 99% used [0x00000000f9b80000,0x00000000fa07c040,0x00000000fa080000)
  to   space 5120K, 0% used [0x00000000f9680000,0x00000000f9680000,0x00000000f9b80000)
 ParOldGen       total 87552K, used 17831K [0x00000000e0000000, 0x00000000e5580000, 0x00000000f5580000)
  object space 87552K, 20% used [0x00000000e0000000,0x00000000e1169cc0,0x00000000e5580000)
 Metaspace       used 20508K, capacity 21282K, committed 21296K, reserved 1069056K
  class space    used 2385K, capacity 2597K, committed 2608K, reserved 1048576K
Event: 9.586 GC heap after
Heap after GC invocations=5 (full 0):
 PSYoungGen      total 71680K, used 5104K [0x00000000f5580000, 0x00000000fff80000, 0x0000000100000000)
  eden space 66560K, 0% used [0x00000000f5580000,0x00000000f5580000,0x00000000f9680000)
  from space 5120K, 99% used [0x00000000f9680000,0x00000000f9b7c3f8,0x00000000f9b80000)
  to   space 20480K, 0% used [0x00000000feb80000,0x00000000feb80000,0x00000000fff80000)
 ParOldGen       total 87552K, used 34816K [0x00000000e0000000, 0x00000000e5580000, 0x00000000f5580000)
  object space 87552K, 39% used [0x00000000e0000000,0x00000000e2200358,0x00000000e5580000)
 Metaspace       used 20508K, capacity 21282K, committed 21296K, reserved 1069056K
  class space    used 2385K, capacity 2597K, committed 2608K, reserved 1048576K
}
Event: 9.586 GC heap before
{Heap before GC invocations=6 (full 1):
 PSYoungGen      total 71680K, used 5104K [0x00000000f5580000, 0x00000000fff80000, 0x0000000100000000)
  eden space 66560K, 0% used [0x00000000f5580000,0x00000000f5580000,0x00000000f9680000)
  from space 5120K, 99% used [0x00000000f9680000,0x00000000f9b7c3f8,0x00000000f9b80000)
  to   space 20480K, 0% used [0x00000000feb80000,0x00000000feb80000,0x00000000fff80000)
 ParOldGen       total 87552K, used 34816K [0x00000000e0000000, 0x00000000e5580000, 0x00000000f5580000)
  object space 87552K, 39% used [0x00000000e0000000,0x00000000e2200358,0x00000000e5580000)
 Metaspace       used 20508K, capacity 21282K, committed 21296K, reserved 1069056K
  class space    used 2385K, capacity 2597K, committed 2608K, reserved 1048576K
Event: 9.759 GC heap after
Heap after GC invocations=6 (full 1):
 PSYoungGen      total 71680K, used 0K [0x00000000f5580000, 0x00000000fff80000, 0x0000000100000000)
  eden space 66560K, 0% used [0x00000000f5580000,0x00000000f5580000,0x00000000f9680000)
  from space 5120K, 0% used [0x00000000f9680000,0x00000000f9680000,0x00000000f9b80000)
  to   space 20480K, 0% used [0x00000000feb80000,0x00000000feb80000,0x00000000fff80000)
 ParOldGen       total 87552K, used 24661K [0x00000000e0000000, 0x00000000e5580000, 0x00000000f5580000)
  object space 87552K, 28% used [0x00000000e0000000,0x00000000e1815790,0x00000000e5580000)
 Metaspace       used 20508K, capacity 21282K, committed 21296K, reserved 1069056K
  class space    used 2385K, capacity 2597K, committed 2608K, reserved 1048576K
}

Deoptimization events (10 events):
Event: 6.057 Thread 0x0000019573d09800 Uncommon trap: reason=unstable_if action=reinterpret pc=0x00000195006331ac method=org.aspectj.weaver.TypeFactory.createTypeFromSignature(Ljava/lang/String;)Lorg/aspectj/weaver/UnresolvedType; @ 330
Event: 6.057 Thread 0x0000019573d09800 Uncommon trap: reason=bimorphic action=maybe_recompile pc=0x0000019500633fc8 method=org.aspectj.weaver.TypeFactory.createTypeFromSignature(Ljava/lang/String;)Lorg/aspectj/weaver/UnresolvedType; @ 281
Event: 6.335 Thread 0x0000019573d09800 Uncommon trap: reason=unstable_if action=reinterpret pc=0x000001950057a820 method=java.util.WeakHashMap.expungeStaleEntries()V @ 66
Event: 7.348 Thread 0x0000019573d09800 Uncommon trap: reason=unloaded action=reinterpret pc=0x00000195006d3f20 method=org.aspectj.apache.bcel.generic.Instruction.readInstruction(Lorg/aspectj/apache/bcel/util/ByteSequence;)Lorg/aspectj/apache/bcel/generic/Instruction; @ 787
Event: 7.726 Thread 0x0000019573d09800 Uncommon trap: reason=predicate action=maybe_recompile pc=0x00000195008da870 method=org.aspectj.weaver.TypeFactory.locateMatchingEndAngleBracket(Ljava/lang/CharSequence;I)I @ 25
Event: 8.655 Thread 0x0000019573d09800 Uncommon trap: reason=unstable_if action=reinterpret pc=0x00000195008d5798 method=org.aspectj.weaver.bcel.LazyMethodGen.ensureAllLineNumberSetup()V @ 71
Event: 8.655 Thread 0x0000019573d09800 Uncommon trap: reason=unstable_if action=reinterpret pc=0x00000195008cb7c8 method=org.aspectj.weaver.JoinPointSignatureIterator.addSignaturesUpToFirstDefiningMember()V @ 33
Event: 9.308 Thread 0x0000019573d09800 Uncommon trap: reason=class_check action=maybe_recompile pc=0x0000019500889eec method=java.util.AbstractList.rangeCheckForAdd(I)V @ 6
Event: 9.315 Thread 0x0000019573d09800 Uncommon trap: reason=class_check action=maybe_recompile pc=0x0000019500889eec method=java.util.AbstractList.rangeCheckForAdd(I)V @ 6
Event: 9.316 Thread 0x0000019573d09800 Uncommon trap: reason=unstable_if action=reinterpret pc=0x0000019500975d58 method=jdk.internal.org.objectweb.asm.Type.getArgumentsAndReturnSizes(Ljava/lang/String;)I @ 88

Classes redefined (0 events):
No events

Internal exceptions (10 events):
Event: 9.007 Thread 0x0000019573d09800 Exception <a 'java/lang/NoSuchMethodError': java.lang.Object.lambda$andThen$1(Ljava/util/function/Function;Ljava/lang/Object;)Ljava/lang/Object;> (0x00000000f85c54e8) thrown at [C:\jenkins\workspace\8-2-build-windows-amd64-cygwin\jdk8u301\1513\hotspot\src
Event: 9.115 Thread 0x0000019573d09800 Exception <a 'java/lang/IncompatibleClassChangeError': Found class java.lang.Object, but interface was expected> (0x00000000f8ab5608) thrown at [C:\jenkins\workspace\8-2-build-windows-amd64-cygwin\jdk8u301\1513\hotspot\src\share\vm\interpreter\linkResolve
Event: 9.119 Thread 0x0000019573d09800 Exception <a 'java/lang/NoSuchMethodError': java.lang.Object.lambda$ofVoidMethod$0(Lorg/junit/jupiter/engine/execution/ExecutableInvoker$ReflectiveInterceptorCall$VoidMethodInterceptorCall;Lorg/junit/jupiter/api/extension/InvocationInterceptor;Lorg/junit/
Event: 9.132 Thread 0x0000019573d09800 Exception <a 'java/lang/IncompatibleClassChangeError': Found class java.lang.Object, but interface was expected> (0x00000000f8b63600) thrown at [C:\jenkins\workspace\8-2-build-windows-amd64-cygwin\jdk8u301\1513\hotspot\src\share\vm\interpreter\linkResolve
Event: 9.159 Thread 0x0000019573d09800 Exception <a 'java/lang/NoSuchMethodError': java.lang.Object.lambda$accept$0(Lorg/junit/platform/engine/TestDescriptor$Visitor;Lorg/junit/platform/engine/TestDescriptor;)V> (0x00000000f8c14ff8) thrown at [C:\jenkins\workspace\8-2-build-windows-amd64-cygwi
Event: 9.177 Thread 0x0000019573d09800 Exception <a 'java/lang/NoSuchMethodError': java.lang.Object.containsTests(Lorg/junit/platform/engine/TestDescriptor;)Z> (0x00000000f8cc8958) thrown at [C:\jenkins\workspace\8-2-build-windows-amd64-cygwin\jdk8u301\1513\hotspot\src\share\vm\interpreter\lin
Event: 9.240 Thread 0x0000019573d09800 Exception <a 'java/lang/IncompatibleClassChangeError': Found class java.lang.Object, but interface was expected> (0x00000000f8e26778) thrown at [C:\jenkins\workspace\8-2-build-windows-amd64-cygwin\jdk8u301\1513\hotspot\src\share\vm\interpreter\linkResolve
Event: 9.314 Thread 0x0000019573d09800 Exception <a 'java/lang/NoSuchMethodError': java.lang.Object.lambda$comparing$77a9974f$1(Ljava/util/function/Function;Ljava/lang/Object;Ljava/lang/Object;)I> (0x00000000f905d2a8) thrown at [C:\jenkins\workspace\8-2-build-windows-amd64-cygwin\jdk8u301\1513
Event: 9.318 Thread 0x0000019573d09800 Exception <a 'java/lang/NoSuchMethodError': java.lang.Object.lambda$thenComparing$36697e65$1(Ljava/util/Comparator;Ljava/lang/Object;Ljava/lang/Object;)I> (0x00000000f906e8e0) thrown at [C:\jenkins\workspace\8-2-build-windows-amd64-cygwin\jdk8u301\1513\ho
Event: 9.322 Thread 0x0000019573d09800 Exception <a 'java/lang/NoSuchMethodError': java.lang.Object.lambda$comparing$ea9a8b3a$1(Ljava/util/Comparator;Ljava/util/function/Function;Ljava/lang/Object;Ljava/lang/Object;)I> (0x00000000f90766d0) thrown at [C:\jenkins\workspace\8-2-build-windows-amd6

Events (10 events):
Event: 9.765 Thread 0x0000019573d09800 DEOPT PACKING pc=0x000001950013e79c sp=0x00000044ac8fc670
Event: 9.765 Thread 0x0000019573d09800 DEOPT UNPACKING pc=0x0000019500047498 sp=0x00000044ac8fc490 mode 1
Event: 9.767 loading class org/junit/platform/engine/UniqueId$Segment
Event: 9.767 loading class org/junit/platform/engine/UniqueId$Segment done
Event: 9.768 loading class org/junit/platform/engine/UniqueId$Segment
Event: 9.768 loading class org/junit/platform/engine/UniqueId$Segment done
Event: 9.768 loading class org/junit/platform/engine/UniqueIdFormat
Event: 9.769 loading class org/junit/platform/engine/UniqueIdFormat done
Event: 9.769 loading class java/util/StringJoiner
Event: 9.769 loading class java/util/StringJoiner done


Dynamic libraries:
0x00007ff7f3190000 - 0x00007ff7f31d7000 	C:\Program Files\Java\jdk1.8.0_301\bin\java.exe
0x00007ffc44090000 - 0x00007ffc44288000 	C:\Windows\SYSTEM32\ntdll.dll
0x00007ffc42140000 - 0x00007ffc421ff000 	C:\Windows\System32\KERNEL32.DLL
0x00007ffc41dc0000 - 0x00007ffc42092000 	C:\Windows\System32\KERNELBASE.dll
0x00007ffc42e60000 - 0x00007ffc42f0e000 	C:\Windows\System32\ADVAPI32.dll
0x00007ffc43dd0000 - 0x00007ffc43e6e000 	C:\Windows\System32\msvcrt.dll
0x00007ffc43e70000 - 0x00007ffc43f0c000 	C:\Windows\System32\sechost.dll
0x00007ffc43050000 - 0x00007ffc43175000 	C:\Windows\System32\RPCRT4.dll
0x00007ffc42210000 - 0x00007ffc423b1000 	C:\Windows\System32\USER32.dll
0x00007ffc420a0000 - 0x00007ffc420c2000 	C:\Windows\System32\win32u.dll
0x00007ffc42e30000 - 0x00007ffc42e5b000 	C:\Windows\System32\GDI32.dll
0x00007ffc41c60000 - 0x00007ffc41d6f000 	C:\Windows\System32\gdi32full.dll
0x00007ffc41780000 - 0x00007ffc4181d000 	C:\Windows\System32\msvcp_win.dll
0x00007ffc41940000 - 0x00007ffc41a40000 	C:\Windows\System32\ucrtbase.dll
0x00007ffc2bb70000 - 0x00007ffc2be0a000 	C:\Windows\WinSxS\amd64_microsoft.windows.common-controls_6595b64144ccf1df_6.0.19041.1110_none_60b5254171f9507e\COMCTL32.dll
0x00007ffc43180000 - 0x00007ffc431b2000 	C:\Windows\System32\IMM32.DLL
0x00007ffc3c770000 - 0x00007ffc3c785000 	C:\Program Files\Java\jdk1.8.0_301\jre\bin\vcruntime140.dll
0x00007ffc27830000 - 0x00007ffc278cb000 	C:\Program Files\Java\jdk1.8.0_301\jre\bin\msvcp140.dll
0x0000000058b40000 - 0x00000000593a0000 	C:\Program Files\Java\jdk1.8.0_301\jre\bin\server\jvm.dll
0x00007ffc42420000 - 0x00007ffc42428000 	C:\Windows\System32\PSAPI.DLL
0x00007ffc3a900000 - 0x00007ffc3a909000 	C:\Windows\SYSTEM32\WSOCK32.dll
0x00007ffc420d0000 - 0x00007ffc4213b000 	C:\Windows\System32\WS2_32.dll
0x00007ffc33660000 - 0x00007ffc33687000 	C:\Windows\SYSTEM32\WINMM.dll
0x00007ffc3c8b0000 - 0x00007ffc3c8ba000 	C:\Windows\SYSTEM32\VERSION.dll
0x00007ffc3f660000 - 0x00007ffc3f672000 	C:\Windows\SYSTEM32\kernel.appcore.dll
0x00007ffc3a910000 - 0x00007ffc3a920000 	C:\Program Files\Java\jdk1.8.0_301\jre\bin\verify.dll
0x00007ffc345d0000 - 0x00007ffc345fb000 	C:\Program Files\Java\jdk1.8.0_301\jre\bin\java.dll
0x00007ffc29410000 - 0x00007ffc29440000 	C:\Program Files\Java\jdk1.8.0_301\jre\bin\instrument.dll
0x00007ffc26d30000 - 0x00007ffc26d66000 	C:\Program Files\Java\jdk1.8.0_301\jre\bin\jdwp.dll
0x00007ffc3cf30000 - 0x00007ffc3cf39000 	C:\Program Files\Java\jdk1.8.0_301\jre\bin\npt.dll
0x00007ffc39fd0000 - 0x00007ffc39fe8000 	C:\Program Files\Java\jdk1.8.0_301\jre\bin\zip.dll
0x00007ffc42510000 - 0x00007ffc42c55000 	C:\Windows\System32\SHELL32.dll
0x00007ffc3f860000 - 0x00007ffc3fff2000 	C:\Windows\SYSTEM32\windows.storage.dll
0x00007ffc43410000 - 0x00007ffc43765000 	C:\Windows\System32\combase.dll
0x00007ffc41170000 - 0x00007ffc411a0000 	C:\Windows\SYSTEM32\Wldp.dll
0x00007ffc43800000 - 0x00007ffc438ad000 	C:\Windows\System32\SHCORE.dll
0x00007ffc42430000 - 0x00007ffc42485000 	C:\Windows\System32\shlwapi.dll
0x00007ffc416c0000 - 0x00007ffc416df000 	C:\Windows\SYSTEM32\profapi.dll
0x00007ffc2cd50000 - 0x00007ffc2cd5a000 	C:\Program Files\Java\jdk1.8.0_301\jre\bin\dt_socket.dll
0x00007ffc40e60000 - 0x00007ffc40eca000 	C:\Windows\system32\mswsock.dll
0x00007ffc33a50000 - 0x00007ffc33a6c000 	C:\Program Files\Java\jdk1.8.0_301\jre\bin\net.dll
0x00007ffc2cc30000 - 0x00007ffc2cc43000 	C:\Program Files\Java\jdk1.8.0_301\jre\bin\nio.dll
0x00007ffc410c0000 - 0x00007ffc410d8000 	C:\Windows\SYSTEM32\CRYPTSP.dll
0x00007ffc40780000 - 0x00007ffc407b4000 	C:\Windows\system32\rsaenh.dll
0x00007ffc41a40000 - 0x00007ffc41a67000 	C:\Windows\System32\bcrypt.dll
0x00007ffc41680000 - 0x00007ffc416ae000 	C:\Windows\SYSTEM32\USERENV.dll
0x00007ffc41bd0000 - 0x00007ffc41c52000 	C:\Windows\System32\bcryptprimitives.dll
0x00007ffc410e0000 - 0x00007ffc410ec000 	C:\Windows\SYSTEM32\CRYPTBASE.dll
0x00007ffc40b50000 - 0x00007ffc40b8b000 	C:\Windows\SYSTEM32\IPHLPAPI.DLL
0x00007ffc42200000 - 0x00007ffc42208000 	C:\Windows\System32\NSI.dll
0x00007ffc3cb00000 - 0x00007ffc3cb17000 	C:\Windows\SYSTEM32\dhcpcsvc6.DLL
0x00007ffc3cae0000 - 0x00007ffc3cafd000 	C:\Windows\SYSTEM32\dhcpcsvc.DLL
0x00007ffc40b90000 - 0x00007ffc40c5b000 	C:\Windows\SYSTEM32\DNSAPI.dll
0x00007ffc37ab0000 - 0x00007ffc37c94000 	C:\Windows\SYSTEM32\dbghelp.dll

VM Arguments:
jvm_args: -Dallure.results.directory=C:\Users\Rustam\IdeaProjects\qaguru_4\build\allure-results -Dawt.toolkit=sun.awt.windows.WToolkit -DdisableJbScreenMenuBar=true -Dfile.encoding.pkg=sun.io -Dfile.separator=\ -Dide.native.launcher=true -Didea.active=true -Didea.cycle.buffer.size=1024 -Didea.debugger.dispatch.addr=127.0.0.1 -Didea.debugger.dispatch.port=53951 -Didea.dynamic.classpath=false -Didea.fatal.error.notification=disabled -Didea.max.content.load.filesize=20000 -Didea.max.intellisense.filesize=2500 -Didea.no.launcher=false -Didea.paths.selector=IdeaIC2022.3 -Didea.platform.prefix=Idea -Didea.popup.weight=heavy -Didea.vendor.name=JetBrains -Didea.version=2022.3.1 -Didea.xdebug.key=-Xdebug -Dio.netty.allocator.cacheTrimIntervalMillis=600000 -Dio.netty.allocator.numDirectArenas=1 -Dio.netty.allocator.numHeapArenas=1 -Dio.netty.allocator.useCacheForAllThreads=false -Dio.netty.machineId=28:f0:76:ff:fe:16:65:0e -Dio.netty.processId=62701 -Dio.netty.serviceThreadPrefix=Netty  -Djava.awt.graphicsenv=sun.awt.Win32GraphicsEnvironment -Djava.awt.printerjob=sun.awt.windows.WPrinterJob -Djava.class.version=52.0 -Djava.endorsed.dirs=C:\Program Files\Java\jdk1.8.0_301\jre\lib\endorsed -Djava.ext.dirs=C:\Program Files\Java\jdk1.8.0_301\jre\lib\ext;C:\Windows\Sun\Java\lib\ext -Djava.home=C:\Program Files\Java\jdk1.8.0_301\jre -Djava.library.path=C:\Program Files\Java\jdk1.8.0_301\bin;C:\Windows\Sun\Java\bin;C:\Windows\system32;C:\Windows;C:\Python311\Scripts\;C:\Python311\;C:\Program Files\Common Files\Oracle\Java\javapath;C:\Program Files (x86)\Common Files\Oracle\Java\javapath;C:\Windows\system32;C:\Windows;C:\Windows\System32\Wbem;C:\Windows\System32\WindowsPowerShell\v1.0\;C:\Windows\System32\OpenSSH\;C:\Program Files\Git\cmd;C:\Program Files\nodejs\;C:\ProgramData\chocolatey\bin;C:\Users\Rustam\AppData\Local\Microsoft\WindowsApps;C:\Users\Rustam\AppData\Roaming\npm;C:\Users\Rustam\AppData\Local\GitHubDesktop\bin;. -Djava.rmi.server.disableHttp=true -Djava.rmi.server.hostname=127.0.0.1 -Djava.runtime.name=OpenJDK Runtime Environment -Djava.runtime.version=1.8.0_301-b09 -Djava.security.manager=worker.org.gradle.process.internal.worker.child.BootstrapSecurityManager -Djava.specification.name=Java Platform API Specification -Djava.specification.vendor=Oracle Corporation -Djava.specification.version=1.8 -Djava.util.concurrent.ForkJoinPool.common.threadFactory=com.intellij.concurrency.IdeaForkJoinWorkerThreadFactory -Djava.vendor=Oracle Corporation -Djava.vendor.url=http://java.oracle.com/ -Djava.vendor.url.bug=https://bugreport.java.com/bugreport/ -Djava.vendor.version=JBR-17.0.5+1-653.23-jcef -Djava.version=1.8.0_301 -Djava.version.date=2022-10-18 -Djava.vm.compressedOopsMode=32-bit -Djava.vm.info=mixed mode -Djava.vm.name=Java HotSpot(TM) 64-Bit Server VM -Djava.vm.specification.name=Java Virtual Machine Specification -Djava.vm.specification.vendor=Oracle Corporation -Djava.vm.specification.version=1.8 -Djava.vm.vendor=Oracle Corporation -Djava.vm.version=25.301-b09 -Djavax.swing.JTree.excludeAccessibleChildrenFromClosedNodes=true -Djavax.swing.rebaseCssSizeMap=true -Djb.vmOptionsFile=C:\Users\Rustam\AppData\Roaming\\JetBrains\\IdeaIC2022.3\idea64.exe.vmoptions -Djbr.catch.SIGABRT=true -Djbr.virtualization.information=No virtualization detected -Djdk.attach.allowAttachSelf=true -Djdk.debug=release -Djdk.http.auth.tunneling.disabledSchemes= -Djdk.module.illegalAccess.silent=true -Djna.boot.library.path=D:\IntelliJ IDEA Community Edition 2022.3.1/lib/jna/amd64 -Djna.loaded=true -Djna.noclasspath=true -Djna.nosys=true -Djnidispatch.path=D:\IntelliJ IDEA Community Edition 2022.3.1\lib\jna\amd64\jnidispatch.dll -Dkotlinx.coroutines.debug=off -Dlibrary.jansi.path=C:\Users\Rustam\.gradle\native\jansi\1.18\windows64 -Dline.separator=
 -Dnative.encoding=Cp1251 -Dorg.gradle.internal.worker.tmpdir=C:\Users\Rustam\IdeaProjects\qaguru_4\build\tmp\test\work -Dorg.gradle.native=false -Dos.arch=amd64 -Dos.name=Windows 10 -Dos.version=10.0 -Dpath.separator=; -Dpty4j.preferred.native.folder=D:\IntelliJ IDEA Community Edition 2022.3.1/lib/pty4j -Dsplash=true -Dsun.arch.data.model=64 -Dsun.boot.class.path=C:\Program Files\Java\jdk1.8.0_301\jre\lib\resources.jar;C:\Program Files\Java\jdk1.8.0_301\jre\lib\rt.jar;C:\Program Files\Java\jdk1.8.0_301\jre\lib\sunrsasign.jar;C:\Program Files\Java\jdk1.8.0_301\jre\lib\jsse.jar;C:\Program Files\Java\jdk1.8.0_301\jre\lib\jce.jar;C:\Program Files\Java\jdk1.8.0_301\jre\lib\charsets.jar;C:\Program Files\Java\jdk1.8.0_301\jre\lib\jfr.jar;C:\Program Files\Java\jdk1.8.0_301\jre\classes -Dsun.boot.library.path=C:\Program Files\Java\jdk1.8.0_301\jre\bin -Dsun.cpu.endian=little -Dsun.cpu.isalist=amd64 -Dsun.desktop=windows -Dsun.io.unicode.encoding=UnicodeLittle -Dsun.jnu.encoding=Cp1251 -Dsun.management.compiler=HotSpot 64-Bit Tiered Compilers -Dsun.os.patch.level -Dswing.bufferPerWindow=false -Duser.dir=C:\Users\Rustam\IdeaProjects\qaguru_4 -Duser.home=C:\Users\Rustam -Duser.name=Rustam -Duser.script -Duser.timezone=Asia/Yekaterinburg -Dwinp.folder.preferred=C:\Users\Rustam\AppData\Local\JetBrains\IdeaIC2022.3/tmp -javaagent:C:\Users\Rustam\.gradle\caches\modules-2\files-2.1\org.aspectj\aspectjweaver\1.8.10\e198c5fee28988c355f74e06461614eae36b2032\aspectjweaver-1.8.10.jar -agentlib:jdwp=transport=dt_socket,server=n,suspend=y,address=127.0.0.1:53960 -Xmx512m -Dfile.encoding=Cp1251 -Djava.io.tmpdir=C:\Users\Rustam\AppData\Local\Temp\ -Duser.country=RU -Duser.language=ru -Duser.variant -ea 
java_command: worker.org.gradle.process.internal.worker.GradleWorkerMain 'Gradle Test Executor 2'
java_class_path (initial): C:\Users\Rustam\.gradle\caches\7.5.1\workerMain\gradle-worker.jar;C:\Users\Rustam\.gradle\caches\modules-2\files-2.1\org.aspectj\aspectjweaver\1.8.10\e198c5fee28988c355f74e06461614eae36b2032\aspectjweaver-1.8.10.jar
Launcher Type: SUN_STANDARD

Environment Variables:
JAVA_HOME=C:\Program Files\Java\jdk1.8.0_301
PATH=C:\Python311\Scripts\;C:\Python311\;C:\Program Files\Common Files\Oracle\Java\javapath;C:\Program Files (x86)\Common Files\Oracle\Java\javapath;C:\Windows\system32;C:\Windows;C:\Windows\System32\Wbem;C:\Windows\System32\WindowsPowerShell\v1.0\;C:\Windows\System32\OpenSSH\;C:\Program Files\Git\cmd;C:\Program Files\nodejs\;C:\ProgramData\chocolatey\bin;C:\Users\Rustam\AppData\Local\Microsoft\WindowsApps;C:\Users\Rustam\AppData\Roaming\npm;C:\Users\Rustam\AppData\Local\GitHubDesktop\bin
USERNAME=Rustam
OS=Windows_NT
PROCESSOR_IDENTIFIER=Intel64 Family 6 Model 37 Stepping 5, GenuineIntel



---------------  S Y S T E M  ---------------

OS: Windows 10.0 , 64 bit Build 19041 (10.0.19041.2546)

CPU:total 4 (initial active 4) (2 cores per cpu, 2 threads per core) family 6 model 37 stepping 5, cmov, cx8, fxsr, mmx, sse, sse2, sse3, ssse3, sse4.1, sse4.2, popcnt, ht, tsc, tscinvbit

Memory: 4k page, physical 8379444k(460820k free), swap 25026920k(6808k free)

vm_info: Java HotSpot(TM) 64-Bit Server VM (25.301-b09) for windows-amd64 JRE (1.8.0_301-b09), built on Jun  9 2021 06:46:21 by "java_re" with MS VC++ 15.9 (VS2017)

time: Sat Mar  4 20:14:08 2023
timezone: RTZ 4 (зима)
elapsed time: 9.802660 seconds (0d 0h 0m 9s)

